  HoMM.cpp
D:\D - GameDev Team Comunications\GitHub\GitHub Projects\Z - C Repository\HoMM\HoMM\HoMM.cpp(91,17): warning C4244: "=": konwersja z "ufloat" do "int", możliwa utrata danych
D:\D - GameDev Team Comunications\GitHub\GitHub Projects\Z - C Repository\HoMM\HoMM\HoMM.cpp(92,17): warning C4244: "=": konwersja z "ufloat" do "int", możliwa utrata danych
D:\D - GameDev Team Comunications\GitHub\GitHub Projects\Z - C Repository\HoMM\HoMM\HoMM.cpp(175,10): warning C4244: "=": konwersja z "int" do "float", możliwa utrata danych
D:\D - GameDev Team Comunications\GitHub\GitHub Projects\Z - C Repository\HoMM\HoMM\HoMM.cpp(197,18): warning C4244: "inicjowanie": konwersja z "float" do "int", możliwa utrata danych
D:\D - GameDev Team Comunications\GitHub\GitHub Projects\Z - C Repository\HoMM\HoMM\HoMM.cpp(505,37): warning C4267: "inicjowanie": konwersja z "size_t" do "int", możliwa utrata danych
D:\D - GameDev Team Comunications\GitHub\GitHub Projects\Z - C Repository\HoMM\HoMM\HoMM.cpp(510,37): warning C4267: "inicjowanie": konwersja z "size_t" do "int", możliwa utrata danych
D:\D - GameDev Team Comunications\GitHub\GitHub Projects\Z - C Repository\HoMM\HoMM\HoMM.cpp(515,43): warning C4267: "inicjowanie": konwersja z "size_t" do "int", możliwa utrata danych
D:\D - GameDev Team Comunications\GitHub\GitHub Projects\Z - C Repository\HoMM\HoMM\HoMM.cpp(532,85): warning C4244: "argument": konwersja z "float" do "int", możliwa utrata danych
D:\D - GameDev Team Comunications\GitHub\GitHub Projects\Z - C Repository\HoMM\HoMM\HoMM.cpp(542,88): warning C4244: "argument": konwersja z "float" do "int", możliwa utrata danych
D:\D - GameDev Team Comunications\GitHub\GitHub Projects\Z - C Repository\HoMM\HoMM\HoMM.cpp(580,27): warning C4838: konwersja z „uint” do „ufloat” wymaga konwersji zawężającej
D:\D - GameDev Team Comunications\GitHub\GitHub Projects\Z - C Repository\HoMM\HoMM\HoMM.cpp(580,27): warning C4244: "inicjowanie": konwersja z "uint" do "ufloat", możliwa utrata danych
D:\D - GameDev Team Comunications\GitHub\GitHub Projects\Z - C Repository\HoMM\HoMM\HoMM.cpp(580,37): warning C4838: konwersja z „uint” do „ufloat” wymaga konwersji zawężającej
D:\D - GameDev Team Comunications\GitHub\GitHub Projects\Z - C Repository\HoMM\HoMM\HoMM.cpp(580,37): warning C4244: "inicjowanie": konwersja z "uint" do "ufloat", możliwa utrata danych
D:\D - GameDev Team Comunications\GitHub\GitHub Projects\Z - C Repository\HoMM\HoMM\HoMM.cpp(583,11): warning C4101: "rect": lokalna zmienna, do której nie istnieje odwołanie
D:\D - GameDev Team Comunications\GitHub\GitHub Projects\Z - C Repository\HoMM\HoMM\HoMM.cpp(930,8): warning C4244: "inicjowanie": konwersja z "double" do "int", możliwa utrata danych
  HoMM.vcxproj -> D:\D - GameDev Team Comunications\GitHub\GitHub Projects\Z - C Repository\HoMM\x64\Debug\HoMM.exe
  D:\D - GameDev Team Comunications\GitHub\GitHub Projects\Z - C Repository\HoMM\HoMM\\SDL2\lib\dll\libjpeg-9.dll
  D:\D - GameDev Team Comunications\GitHub\GitHub Projects\Z - C Repository\HoMM\HoMM\\SDL2\lib\dll\libpng16-16.dll
  D:\D - GameDev Team Comunications\GitHub\GitHub Projects\Z - C Repository\HoMM\HoMM\\SDL2\lib\dll\SDL2.dll
  D:\D - GameDev Team Comunications\GitHub\GitHub Projects\Z - C Repository\HoMM\HoMM\\SDL2\lib\dll\SDL2_image.dll
  D:\D - GameDev Team Comunications\GitHub\GitHub Projects\Z - C Repository\HoMM\HoMM\\SDL2\lib\dll\SDL2_ttf.dll
  D:\D - GameDev Team Comunications\GitHub\GitHub Projects\Z - C Repository\HoMM\HoMM\\SDL2\lib\dll\zlib1.dll
  6 File(s) copied
